<?xml version="1.0" encoding="UTF-8"?>
<testsuite xmlns:xsi="http://www.w3.org/2001/XMLSchema-instance" xsi:noNamespaceSchemaLocation="https://maven.apache.org/surefire/maven-surefire-plugin/xsd/surefire-test-report-3.0.xsd" version="3.0" name="com.endava.calculator.CalculatorTest" time="0.096" tests="4" errors="0" skipped="0" failures="0">
  <properties>
[...]
</properties>
  <testcase name="shouldAddNumbersGivenOperand0(int, int)[1]" classname="com.endava.calculator.CalculatorTest" time="0.057">
    <system-out><![CDATA[Before all
Before Each
12:50:06.997 [main] INFO  com.endava.extensions.TestReporterExtension - Starting test CalculatorTest/[1] 0, 2
2
12:50:07.033 [main] INFO  com.endava.extensions.TestReporterExtension - Finishing test CalculatorTest/[1] 0, 2
After Each
]]></system-out>
  </testcase>
  <testcase name="shouldAddNumbersGivenOperand0(int, int)[2]" classname="com.endava.calculator.CalculatorTest" time="0.003">
    <system-out><![CDATA[Before Each
12:50:07.045 [main] INFO  com.endava.extensions.TestReporterExtension - Starting test CalculatorTest/[2] 2, 0
2
12:50:07.045 [main] INFO  com.endava.extensions.TestReporterExtension - Finishing test CalculatorTest/[2] 2, 0
After Each
]]></system-out>
  </testcase>
  <testcase name="shouldAdd1Operands" classname="com.endava.calculator.CalculatorTest" time="0.001">
    <system-out><![CDATA[Before Each
12:50:07.049 [main] INFO  com.endava.extensions.TestReporterExtension - Starting test CalculatorTest/shouldAdd1Operands()
167
12:50:07.050 [main] INFO  com.endava.extensions.TestReporterExtension - Finishing test CalculatorTest/shouldAdd1Operands()
After Each
]]></system-out>
  </testcase>
  <testcase name="shouldAddNegativeNumbers" classname="com.endava.calculator.CalculatorTest" time="0.001">
    <system-out><![CDATA[Before Each
12:50:07.051 [main] INFO  com.endava.extensions.TestReporterExtension - Starting test CalculatorTest/shouldAddNegativeNumbers()
-6
12:50:07.052 [main] INFO  com.endava.extensions.TestReporterExtension - Finishing test CalculatorTest/shouldAddNegativeNumbers()
After Each
]]></system-out>
  </testcase>
</testsuite>